C:\TXP\PRG\THROUGH\DEBUG\AGREE.OBJ
C:\TXP\PRG\THROUGH\DEBUG\CHONGDIE.OBJ
C:\txp\prg\through\Debug\cl.command.1.tlog
C:\txp\prg\through\Debug\CL.read.1.tlog
C:\txp\prg\through\Debug\CL.write.1.tlog
C:\TXP\PRG\THROUGH\DEBUG\ENAGREE.OBJ
C:\TXP\PRG\THROUGH\DEBUG\GENERATE.OBJ
C:\txp\prg\through\Debug\link.3208.read.1.tlog
C:\txp\prg\through\Debug\link.3208.write.1.tlog
C:\txp\prg\through\Debug\link.3208-cvtres.read.1.tlog
C:\txp\prg\through\Debug\link.3208-cvtres.write.1.tlog
C:\txp\prg\through\Debug\link.command.1.tlog
C:\txp\prg\through\Debug\link.read.1.tlog
C:\txp\prg\through\Debug\link.write.1.tlog
C:\txp\prg\through\Debug\link-cvtres.read.1.tlog
C:\txp\prg\through\Debug\link-cvtres.write.1.tlog
C:\txp\prg\through\Debug\mt.command.1.tlog
C:\txp\prg\through\Debug\mt.read.1.tlog
C:\txp\prg\through\Debug\mt.write.1.tlog
C:\TXP\PRG\THROUGH\DEBUG\PARSE.OBJ
C:\TXP\PRG\THROUGH\DEBUG\POSTAG.OBJ
C:\TXP\PRG\THROUGH\DEBUG\PRSRBASE.OBJ
C:\txp\prg\through\Debug\rc.command.1.tlog
C:\txp\prg\through\Debug\rc.read.1.tlog
C:\txp\prg\through\Debug\rc.write.1.tlog
C:\TXP\PRG\THROUGH\DEBUG\SEGMENT.OBJ
C:\TXP\PRG\THROUGH\DEBUG\THROUGH.EXE
C:\TXP\PRG\THROUGH\DEBUG\THROUGH.EXE.EMBED.MANIFEST
C:\TXP\PRG\THROUGH\DEBUG\THROUGH.EXE.EMBED.MANIFEST.RES
C:\TXP\PRG\THROUGH\DEBUG\THROUGH.EXE.INTERMEDIATE.MANIFEST
C:\TXP\PRG\THROUGH\DEBUG\THROUGH.ILK
C:\TXP\PRG\THROUGH\DEBUG\THROUGH.OBJ
C:\TXP\PRG\THROUGH\DEBUG\THROUGH.PDB
C:\txp\prg\through\Debug\through_manifest.rc
C:\TXP\PRG\THROUGH\DEBUG\TRANSFORM.OBJ
C:\TXP\PRG\THROUGH\DEBUG\UNITY.OBJ
C:\txp\prg\through\Debug\vc100.idb
C:\TXP\PRG\THROUGH\DEBUG\VC100.PDB
