C:\TXP\PRG\KBASEMT\KBASEMT\DEBUG\.NETFRAMEWORK,VERSION=V4.0.ASSEMBLYATTRIBUTES.OBJ
C:\TXP\PRG\KBASEMT\KBASEMT\DEBUG\AGREE.OBJ
C:\TXP\PRG\KBASEMT\KBASEMT\DEBUG\BLDRBASE.OBJ
C:\TXP\PRG\KBASEMT\KBASEMT\DEBUG\CETRANS.OBJ
C:\TXP\PRG\KBASEMT\KBASEMT\DEBUG\CHNCUTRBASE.OBJ
C:\TXP\PRG\KBASEMT\KBASEMT\DEBUG\CHNDICTN.OBJ
C:\txp\prg\kbasemt\kbasemt\Debug\cl.command.1.tlog
C:\txp\prg\kbasemt\kbasemt\Debug\CL.read.1.tlog
C:\txp\prg\kbasemt\kbasemt\Debug\CL.write.1.tlog
C:\TXP\PRG\KBASEMT\KBASEMT\DEBUG\CUTRBASE.OBJ
C:\TXP\PRG\KBASEMT\KBASEMT\DEBUG\DICTN.OBJ
C:\TXP\PRG\KBASEMT\KBASEMT\DEBUG\ENGBLDRBASE.OBJ
C:\TXP\PRG\KBASEMT\KBASEMT\DEBUG\ENGMAKRBASE.OBJ
C:\TXP\PRG\KBASEMT\KBASEMT\DEBUG\ERROR.OBJ
C:\TXP\PRG\KBASEMT\KBASEMT\DEBUG\FUNCTION.OBJ
C:\TXP\PRG\KBASEMT\KBASEMT\DEBUG\KBASE.OBJ
C:\TXP\PRG\KBASEMT\KBASEMT\DEBUG\KBASEMT.EXE
C:\TXP\PRG\KBASEMT\KBASEMT\DEBUG\KBASEMT.EXE.INTERMEDIATE.MANIFEST
C:\TXP\PRG\KBASEMT\KBASEMT\DEBUG\KBASEMT.ILK
C:\TXP\PRG\KBASEMT\KBASEMT\DEBUG\KBASEMT.PDB
C:\TXP\PRG\KBASEMT\KBASEMT\DEBUG\KBMS.OBJ
C:\TXP\PRG\KBASEMT\KBASEMT\DEBUG\LEXDBASE.OBJ
C:\txp\prg\kbasemt\kbasemt\Debug\link.3964.read.1.tlog
C:\txp\prg\kbasemt\kbasemt\Debug\link.3964.write.1.tlog
C:\txp\prg\kbasemt\kbasemt\Debug\link.4240.read.1.tlog
C:\txp\prg\kbasemt\kbasemt\Debug\link.4240.write.1.tlog
C:\txp\prg\kbasemt\kbasemt\Debug\link.4992.read.1.tlog
C:\txp\prg\kbasemt\kbasemt\Debug\link.4992.write.1.tlog
C:\txp\prg\kbasemt\kbasemt\Debug\link.command.1.tlog
C:\txp\prg\kbasemt\kbasemt\Debug\link.read.1.tlog
C:\txp\prg\kbasemt\kbasemt\Debug\link.write.1.tlog
C:\TXP\PRG\KBASEMT\KBASEMT\DEBUG\MAKRBASE.OBJ
C:\TXP\PRG\KBASEMT\KBASEMT\DEBUG\MKBASE.OBJ
C:\TXP\PRG\KBASEMT\KBASEMT\DEBUG\MODEL.OBJ
C:\txp\prg\kbasemt\kbasemt\Debug\mt.command.1.tlog
C:\txp\prg\kbasemt\kbasemt\Debug\mt.read.1.tlog
C:\txp\prg\kbasemt\kbasemt\Debug\mt.write.1.tlog
C:\TXP\PRG\KBASEMT\KBASEMT\DEBUG\PRSRBASE.OBJ
C:\TXP\PRG\KBASEMT\KBASEMT\DEBUG\RESULT.OBJ
C:\TXP\PRG\KBASEMT\KBASEMT\DEBUG\STRUCT.OBJ
C:\TXP\PRG\KBASEMT\KBASEMT\DEBUG\TEMPLATE.OBJ
C:\TXP\PRG\KBASEMT\KBASEMT\DEBUG\TOKEN.OBJ
C:\TXP\PRG\KBASEMT\KBASEMT\DEBUG\TRANS.OBJ
C:\TXP\PRG\KBASEMT\KBASEMT\DEBUG\TRANSLIB.OBJ
C:\TXP\PRG\KBASEMT\KBASEMT\DEBUG\UNIFY.OBJ
C:\TXP\PRG\KBASEMT\KBASEMT\DEBUG\VC100.PDB
