C:\TXP\PRG\KBASEMT\KBASEMT\DEBUG\.NETFRAMEWORK,VERSION=V4.0.ASSEMBLYATTRIBUTES.OBJ
C:\TXP\PRG\KBASEMT\KBASEMT\DEBUG\AGREE.OBJ
C:\TXP\PRG\KBASEMT\KBASEMT\DEBUG\BLDRBASE.OBJ
C:\TXP\PRG\KBASEMT\KBASEMT\DEBUG\CETRANS.OBJ
C:\TXP\PRG\KBASEMT\KBASEMT\DEBUG\CHNCUTRBASE.OBJ
C:\TXP\PRG\KBASEMT\KBASEMT\DEBUG\CHNDICTN.OBJ
C:\TXP\PRG\KBASEMT\KBASEMT\DEBUG\CUTRBASE.OBJ
C:\TXP\PRG\KBASEMT\KBASEMT\DEBUG\DICTN.OBJ
C:\TXP\PRG\KBASEMT\KBASEMT\DEBUG\ENGBLDRBASE.OBJ
C:\TXP\PRG\KBASEMT\KBASEMT\DEBUG\ENGMAKRBASE.OBJ
C:\TXP\PRG\KBASEMT\KBASEMT\DEBUG\ERROR.OBJ
C:\TXP\PRG\KBASEMT\KBASEMT\DEBUG\FUNCTION.OBJ
C:\TXP\PRG\KBASEMT\KBASEMT\DEBUG\KBASE.OBJ
C:\TXP\PRG\KBASEMT\KBASEMT\DEBUG\KBMS.EXE
C:\TXP\PRG\KBASEMT\KBASEMT\DEBUG\KBMS.EXE.INTERMEDIATE.MANIFEST
C:\TXP\PRG\KBASEMT\KBASEMT\DEBUG\KBMS.ILK
C:\TXP\PRG\KBASEMT\KBASEMT\DEBUG\KBMS.OBJ
C:\TXP\PRG\KBASEMT\KBASEMT\DEBUG\KBMS.PDB
C:\TXP\PRG\KBASEMT\KBASEMT\DEBUG\LEXDBASE.OBJ
C:\TXP\PRG\KBASEMT\KBASEMT\DEBUG\MAKRBASE.OBJ
C:\TXP\PRG\KBASEMT\KBASEMT\DEBUG\MKBASE.OBJ
C:\TXP\PRG\KBASEMT\KBASEMT\DEBUG\MODEL.OBJ
C:\TXP\PRG\KBASEMT\KBASEMT\DEBUG\PRSRBASE.OBJ
C:\TXP\PRG\KBASEMT\KBASEMT\DEBUG\RESULT.OBJ
C:\TXP\PRG\KBASEMT\KBASEMT\DEBUG\STRUCT.OBJ
C:\TXP\PRG\KBASEMT\KBASEMT\DEBUG\TEMPLATE.OBJ
C:\TXP\PRG\KBASEMT\KBASEMT\DEBUG\TOKEN.OBJ
C:\TXP\PRG\KBASEMT\KBASEMT\DEBUG\TRANS.OBJ
C:\TXP\PRG\KBASEMT\KBASEMT\DEBUG\TRANSLIB.OBJ
C:\TXP\PRG\KBASEMT\KBASEMT\DEBUG\UNIFY.OBJ
C:\TXP\PRG\KBASEMT\KBASEMT\DEBUG\VC100.PDB
C:\txp\prg\kbasemt\kbms\Debug\.NETFramework,Version=v4.0.AssemblyAttributes.obj
C:\txp\prg\kbasemt\kbms\Debug\agree.obj
C:\txp\prg\kbasemt\kbms\Debug\bldrbase.obj
C:\txp\prg\kbasemt\kbms\Debug\cetrans.obj
C:\txp\prg\kbasemt\kbms\Debug\chncutrbase.obj
C:\txp\prg\kbasemt\kbms\Debug\chndictn.obj
C:\txp\prg\kbasemt\kbms\Debug\cl.command.1.tlog
C:\txp\prg\kbasemt\kbms\Debug\CL.read.1.tlog
C:\txp\prg\kbasemt\kbms\Debug\CL.write.1.tlog
C:\txp\prg\kbasemt\kbms\Debug\cutrbase.obj
C:\txp\prg\kbasemt\kbms\Debug\dictn.obj
C:\txp\prg\kbasemt\kbms\Debug\engbldrbase.obj
C:\txp\prg\kbasemt\kbms\Debug\engmakrbase.obj
C:\txp\prg\kbasemt\kbms\Debug\error.obj
C:\txp\prg\kbasemt\kbms\Debug\function.obj
C:\txp\prg\kbasemt\kbms\Debug\kbase.obj
C:\TXP\PRG\KBASEMT\KBMS\DEBUG\KBMS.EXE
C:\TXP\PRG\KBASEMT\KBMS\DEBUG\KBMS.EXE.INTERMEDIATE.MANIFEST
C:\TXP\PRG\KBASEMT\KBMS\DEBUG\KBMS.ILK
C:\txp\prg\kbasemt\kbms\Debug\kbms.obj
C:\TXP\PRG\KBASEMT\KBMS\DEBUG\KBMS.PDB
C:\txp\prg\kbasemt\kbms\Debug\lexdbase.obj
C:\txp\prg\kbasemt\kbms\Debug\link.4388.read.1.tlog
C:\txp\prg\kbasemt\kbms\Debug\link.4388.write.1.tlog
C:\txp\prg\kbasemt\kbms\Debug\link.4392.read.1.tlog
C:\txp\prg\kbasemt\kbms\Debug\link.4392.write.1.tlog
C:\txp\prg\kbasemt\kbms\Debug\link.command.1.tlog
C:\txp\prg\kbasemt\kbms\Debug\link.read.1.tlog
C:\txp\prg\kbasemt\kbms\Debug\link.write.1.tlog
C:\txp\prg\kbasemt\kbms\Debug\makrbase.obj
C:\txp\prg\kbasemt\kbms\Debug\mkbase.obj
C:\txp\prg\kbasemt\kbms\Debug\model.obj
C:\txp\prg\kbasemt\kbms\Debug\mt.command.1.tlog
C:\txp\prg\kbasemt\kbms\Debug\mt.read.1.tlog
C:\txp\prg\kbasemt\kbms\Debug\mt.write.1.tlog
C:\txp\prg\kbasemt\kbms\Debug\prsrbase.obj
C:\txp\prg\kbasemt\kbms\Debug\result.obj
C:\txp\prg\kbasemt\kbms\Debug\struct.obj
C:\txp\prg\kbasemt\kbms\Debug\template.obj
C:\txp\prg\kbasemt\kbms\Debug\token.obj
C:\txp\prg\kbasemt\kbms\Debug\trans.obj
C:\txp\prg\kbasemt\kbms\Debug\translib.obj
C:\txp\prg\kbasemt\kbms\Debug\unify.obj
C:\txp\prg\kbasemt\kbms\Debug\vc100.pdb
