C:\TXP\PRG\KBASEMT\CEMT\DEBUG\AGREE.OBJ
C:\TXP\PRG\KBASEMT\CEMT\DEBUG\BLDRBASE.OBJ
C:\TXP\PRG\KBASEMT\CEMT\DEBUG\CETRANS.OBJ
C:\TXP\PRG\KBASEMT\CEMT\DEBUG\CHNCUTRBASE.OBJ
C:\TXP\PRG\KBASEMT\CEMT\DEBUG\CHNDICTN.OBJ
C:\txp\prg\kbasemt\cemt\Debug\cl.command.1.tlog
C:\txp\prg\kbasemt\cemt\Debug\CL.read.1.tlog
C:\txp\prg\kbasemt\cemt\Debug\CL.write.1.tlog
C:\TXP\PRG\KBASEMT\CEMT\DEBUG\CUTRBASE.OBJ
C:\TXP\PRG\KBASEMT\CEMT\DEBUG\DICTN.OBJ
C:\TXP\PRG\KBASEMT\CEMT\DEBUG\ENGBLDRBASE.OBJ
C:\TXP\PRG\KBASEMT\CEMT\DEBUG\ENGMAKRBASE.OBJ
C:\TXP\PRG\KBASEMT\CEMT\DEBUG\ERROR.OBJ
C:\TXP\PRG\KBASEMT\CEMT\DEBUG\FUNCTION.OBJ
C:\TXP\PRG\KBASEMT\CEMT\DEBUG\KBASE.OBJ
C:\TXP\PRG\KBASEMT\CEMT\DEBUG\LEXDBASE.OBJ
C:\TXP\PRG\KBASEMT\CEMT\DEBUG\MAKRBASE.OBJ
C:\TXP\PRG\KBASEMT\CEMT\DEBUG\MKBASE.OBJ
C:\TXP\PRG\KBASEMT\CEMT\DEBUG\MODEL.OBJ
C:\TXP\PRG\KBASEMT\CEMT\DEBUG\PRSRBASE.OBJ
C:\TXP\PRG\KBASEMT\CEMT\DEBUG\RESULT.OBJ
C:\TXP\PRG\KBASEMT\CEMT\DEBUG\STRUCT.OBJ
C:\TXP\PRG\KBASEMT\CEMT\DEBUG\TEMPLATE.OBJ
C:\TXP\PRG\KBASEMT\CEMT\DEBUG\TOKEN.OBJ
C:\TXP\PRG\KBASEMT\CEMT\DEBUG\TRANS.OBJ
C:\TXP\PRG\KBASEMT\CEMT\DEBUG\TRANSLIB.OBJ
C:\TXP\PRG\KBASEMT\CEMT\DEBUG\UNIFY.OBJ
C:\txp\prg\kbasemt\cemt\Debug\vc100.pdb
